<?xml version="1.0" encoding="UTF-8"?>
<!-- Generated by org.testng.reporters.JUnitXMLReporter -->
<testsuite ignored="2" hostname="DESKTOP-AI0QSET" failures="0" tests="2" name="Default test" time="14.403" errors="0" timestamp="2026-03-12T10:32:52 IST">
  <testcase classname="shopperTest.AddAddProductToCart" name="fetchAllProducts" time="5.213"/>
  <testcase classname="shopperTest.AddAddProductToCart" name="addProductToCart" time="1.593"/>
  <testcase classname="shopperTest.AddAddProductToCart" name="updateCart" time="0.0">
    <ignored/>
  </testcase> <!-- updateCart -->
  <testcase classname="shopperTest.AddAddProductToCart" name="deleteCart" time="0.0">
    <ignored/>
  </testcase> <!-- deleteCart -->
</testsuite> <!-- Default test -->
