<?xml version="1.0" encoding="UTF-8"?>
<testng-results ignored="2" total="4" passed="2" failed="0" skipped="0">
  <reporter-output>
  </reporter-output>
  <suite started-at="2026-03-12T10:32:37 IST" name="Default suite" finished-at="2026-03-12T10:32:52 IST" duration-ms="14403">
    <groups>
    </groups>
    <test started-at="2026-03-12T10:32:37 IST" name="Default test" finished-at="2026-03-12T10:32:52 IST" duration-ms="14403">
      <class name="shopperTest.AddAddProductToCart">
        <test-method is-config="true" signature="login()[pri:0, instance:shopperTest.AddAddProductToCart@77888435]" started-at="2026-03-12T10:32:37 IST" name="login" finished-at="2026-03-12T10:32:45 IST" duration-ms="7465" status="PASS">
          <reporter-output>
          </reporter-output>
        </test-method> <!-- login -->
        <test-method signature="fetchAllProducts()[pri:0, instance:shopperTest.AddAddProductToCart@77888435]" started-at="2026-03-12T10:32:45 IST" name="fetchAllProducts" finished-at="2026-03-12T10:32:50 IST" duration-ms="5213" status="PASS">
          <reporter-output>
          </reporter-output>
        </test-method> <!-- fetchAllProducts -->
        <test-method signature="addProductToCart()[pri:0, instance:shopperTest.AddAddProductToCart@77888435]" started-at="2026-03-12T10:32:50 IST" name="addProductToCart" finished-at="2026-03-12T10:32:52 IST" depends-on-methods="shopperTest.AddAddProductToCart.fetchAllProducts" duration-ms="1593" status="PASS">
          <reporter-output>
          </reporter-output>
        </test-method> <!-- addProductToCart -->
      </class> <!-- shopperTest.AddAddProductToCart -->
    </test> <!-- Default test -->
  </suite> <!-- Default suite -->
</testng-results>
