<?xml version="1.0" encoding="UTF-8"?>
<!-- Generated by org.testng.reporters.JUnitReportReporter -->
<testsuite hostname="DESKTOP-AI0QSET" failures="0" tests="2" name="shopper_base_demo_with_Pojo.ShopperCart" time="1.218" errors="0" timestamp="2026-03-11T14:00:29 IST" skipped="0">
  <testcase classname="shopper_base_demo_with_Pojo.ShopperCart" name="fetchAllProducts" time="0.579"/>
  <testcase classname="shopper_base_demo_with_Pojo.ShopperCart" name="addProductToCart" time="0.639"/>
</testsuite> <!-- shopper_base_demo_with_Pojo.ShopperCart -->
