<?xml version="1.0" encoding="UTF-8"?>
<!-- Generated by org.testng.reporters.JUnitReportReporter -->
<testsuite hostname="DESKTOP-AI0QSET" failures="0" tests="4" name="shopperpro.AddAddProductToCart" time="4.312" errors="0" timestamp="2026-03-11T23:51:02 IST" skipped="0">
  <testcase classname="shopperpro.AddAddProductToCart" name="fetchAllProducts" time="2.536"/>
  <testcase classname="shopperpro.AddAddProductToCart" name="updateCart" time="0.560"/>
  <testcase classname="shopperpro.AddAddProductToCart" name="addProductToCart" time="0.651"/>
  <testcase classname="shopperpro.AddAddProductToCart" name="deleteCart" time="0.565"/>
</testsuite> <!-- shopperpro.AddAddProductToCart -->
