<?xml version="1.0" encoding="UTF-8"?>
<!-- Generated by org.testng.reporters.JUnitReportReporter -->
<testsuite hostname="DESKTOP-AI0QSET" failures="0" tests="3" name="shopper_base.ShopperLogin" time="5.866" errors="0" timestamp="2026-03-10T22:03:17 IST" skipped="0">
  <testcase classname="shopper_base.ShopperLogin" name="loginTest" time="2.682"/>
  <testcase classname="shopper_base.ShopperLogin" name="FetchDataLoginTest" time="1.392"/>
  <testcase classname="shopper_base.ShopperLogin" name="UpdateDataTest" time="1.792"/>
</testsuite> <!-- shopper_base.ShopperLogin -->
