<?xml version="1.0" encoding="UTF-8"?>
<!-- Generated by org.testng.reporters.JUnitReportReporter -->
<testsuite hostname="DESKTOP-AI0QSET" failures="0" tests="2" name="shopperTest.AddAddProductToCart" time="6.806" errors="0" timestamp="2026-03-12T10:32:52 IST" skipped="0">
  <testcase classname="shopperTest.AddAddProductToCart" name="addProductToCart" time="1.593"/>
  <testcase classname="shopperTest.AddAddProductToCart" name="fetchAllProducts" time="5.213"/>
</testsuite> <!-- shopperTest.AddAddProductToCart -->
