<?xml version="1.0" encoding="UTF-8"?>
<!-- Generated by org.testng.reporters.JUnitReportReporter -->
<testsuite hostname="DESKTOP-AI0QSET" failures="0" tests="2" name="shopper_base_demo.ShopperCart" time="2.867" errors="0" timestamp="2026-03-11T11:21:08 IST" skipped="0">
  <testcase classname="shopper_base_demo.ShopperCart" name="addProductToCart" time="1.781"/>
  <testcase classname="shopper_base_demo.ShopperCart" name="fetchAllProducts" time="1.086"/>
</testsuite> <!-- shopper_base_demo.ShopperCart -->
